# JRE version: Java(TM) SE Runtime Environment (8.0_25-b18) (build 1.8.0_25-b18)
# Java VM: Java HotSpot(TM) 64-Bit Server VM (25.25-b02 mixed mode windows-amd64 compressed oops)
Heap:
 PSYoungGen      total 1352192K, used 883163K [0x000000076ab00000, 0x00000007c0000000, 0x00000007c0000000)
  eden space 1305600K, 65% used [0x000000076ab00000,0x000000079edf37d8,0x00000007ba600000)
  from space 46592K, 60% used [0x00000007bd280000,0x00000007bee03710,0x00000007c0000000)
  to   space 45568K, 0% used [0x00000007ba600000,0x00000007ba600000,0x00000007bd280000)
 ParOldGen       total 2796544K, used 2079327K [0x00000006c0000000, 0x000000076ab00000, 0x000000076ab00000)
  object space 2796544K, 74% used [0x00000006c0000000,0x000000073ee97f60,0x000000076ab00000)
 Metaspace       used 40320K, capacity 40693K, committed 40832K, reserved 1085440K
  class space    used 4562K, capacity 4655K, committed 4736K, reserved 1048576K
GC Heap History (10 events):
Event: 19329.404 GC heap before
{Heap before GC invocations=1914 (full 4):
 PSYoungGen      total 1349632K, used 1328429K [0x000000076ab00000, 0x00000007c0000000, 0x00000007c0000000)
  eden space 1302016K, 100% used [0x000000076ab00000,0x00000007ba280000,0x00000007ba280000)
  from space 47616K, 55% used [0x00000007ba280000,0x00000007bbc4b710,0x00000007bd100000)
  to   space 47104K, 0% used [0x00000007bd200000,0x00000007bd200000,0x00000007c0000000)
 ParOldGen       total 2796544K, used 2078723K [0x00000006c0000000, 0x000000076ab00000, 0x000000076ab00000)
  object space 2796544K, 74% used [0x00000006c0000000,0x000000073ee00f30,0x000000076ab00000)
 Metaspace       used 40320K, capacity 40693K, committed 40832K, reserved 1085440K
  class space    used 4562K, capacity 4655K, committed 4736K, reserved 1048576K
Event: 19329.432 GC heap after
Heap after GC invocations=1914 (full 4):
 PSYoungGen      total 1351168K, used 23661K [0x000000076ab00000, 0x00000007c0000000, 0x00000007c0000000)
  eden space 1304064K, 0% used [0x000000076ab00000,0x000000076ab00000,0x00000007ba480000)
  from space 47104K, 50% used [0x00000007bd200000,0x00000007be91b700,0x00000007c0000000)
  to   space 46592K, 0% used [0x00000007ba480000,0x00000007ba480000,0x00000007bd200000)
 ParOldGen       total 2796544K, used 2078819K [0x00000006c0000000, 0x000000076ab00000, 0x000000076ab00000)
  object space 2796544K, 74% used [0x00000006c0000000,0x000000073ee18f30,0x000000076ab00000)
 Metaspace       used 40320K, capacity 40693K, committed 40832K, reserved 1085440K
  class space    used 4562K, capacity 4655K, committed 4736K, reserved 1048576K
}
Event: 19341.596 GC heap before
{Heap before GC invocations=1915 (full 4):
 PSYoungGen      total 1351168K, used 1327725K [0x000000076ab00000, 0x00000007c0000000, 0x00000007c0000000)
  eden space 1304064K, 100% used [0x000000076ab00000,0x00000007ba480000,0x00000007ba480000)
  from space 47104K, 50% used [0x00000007bd200000,0x00000007be91b700,0x00000007c0000000)
  to   space 46592K, 0% used [0x00000007ba480000,0x00000007ba480000,0x00000007bd200000)
 ParOldGen       total 2796544K, used 2078819K [0x00000006c0000000, 0x000000076ab00000, 0x000000076ab00000)
  object space 2796544K, 74% used [0x00000006c0000000,0x000000073ee18f30,0x000000076ab00000)
 Metaspace       used 40320K, capacity 40693K, committed 40832K, reserved 1085440K
  class space    used 4562K, capacity 4655K, committed 4736K, reserved 1048576K
Event: 19341.620 GC heap after
Heap after GC invocations=1915 (full 4):
 PSYoungGen      total 1350656K, used 25101K [0x000000076ab00000, 0x00000007c0000000, 0x00000007c0000000)
  eden space 1304064K, 0% used [0x000000076ab00000,0x000000076ab00000,0x00000007ba480000)
  from space 46592K, 53% used [0x00000007ba480000,0x00000007bbd03700,0x00000007bd200000)
  to   space 46080K, 0% used [0x00000007bd300000,0x00000007bd300000,0x00000007c0000000)
 ParOldGen       total 2796544K, used 2078883K [0x00000006c0000000, 0x000000076ab00000, 0x000000076ab00000)
  object space 2796544K, 74% used [0x00000006c0000000,0x000000073ee28f30,0x000000076ab00000)
 Metaspace       used 40320K, capacity 40693K, committed 40832K, reserved 1085440K
  class space    used 4562K, capacity 4655K, committed 4736K, reserved 1048576K
}
Event: 19348.873 GC heap before
{Heap before GC invocations=1916 (full 4):
 PSYoungGen      total 1350656K, used 1329165K [0x000000076ab00000, 0x00000007c0000000, 0x00000007c0000000)
  eden space 1304064K, 100% used [0x000000076ab00000,0x00000007ba480000,0x00000007ba480000)
  from space 46592K, 53% used [0x00000007ba480000,0x00000007bbd03700,0x00000007bd200000)
  to   space 46080K, 0% used [0x00000007bd300000,0x00000007bd300000,0x00000007c0000000)
 ParOldGen       total 2796544K, used 2078883K [0x00000006c0000000, 0x000000076ab00000, 0x000000076ab00000)
  object space 2796544K, 74% used [0x00000006c0000000,0x000000073ee28f30,0x000000076ab00000)
 Metaspace       used 40320K, capacity 40693K, committed 40832K, reserved 1085440K
  class space    used 4562K, capacity 4655K, committed 4736K, reserved 1048576K
Event: 19348.903 GC heap after
Heap after GC invocations=1916 (full 4):
 PSYoungGen      total 1347584K, used 39244K [0x000000076ab00000, 0x00000007c0000000, 0x00000007c0000000)
  eden space 1301504K, 0% used [0x000000076ab00000,0x000000076ab00000,0x00000007ba200000)
  from space 46080K, 85% used [0x00000007bd300000,0x00000007bf953120,0x00000007c0000000)
  to   space 48128K, 0% used [0x00000007ba200000,0x00000007ba200000,0x00000007bd100000)
 ParOldGen       total 2796544K, used 2079119K [0x00000006c0000000, 0x000000076ab00000, 0x000000076ab00000)
  object space 2796544K, 74% used [0x00000006c0000000,0x000000073ee63f40,0x000000076ab00000)
 Metaspace       used 40320K, capacity 40693K, committed 40832K, reserved 1085440K
  class space    used 4562K, capacity 4655K, committed 4736K, reserved 1048576K
}
Event: 19359.999 GC heap before
{Heap before GC invocations=1917 (full 4):
 PSYoungGen      total 1347584K, used 1340748K [0x000000076ab00000, 0x00000007c0000000, 0x00000007c0000000)
  eden space 1301504K, 100% used [0x000000076ab00000,0x00000007ba200000,0x00000007ba200000)
  from space 46080K, 85% used [0x00000007bd300000,0x00000007bf953120,0x00000007c0000000)
  to   space 48128K, 0% used [0x00000007ba200000,0x00000007ba200000,0x00000007bd100000)
 ParOldGen       total 2796544K, used 2079119K [0x00000006c0000000, 0x000000076ab00000, 0x000000076ab00000)
  object space 2796544K, 74% used [0x00000006c0000000,0x000000073ee63f40,0x000000076ab00000)
 Metaspace       used 40320K, capacity 40693K, committed 40832K, reserved 1085440K
  class space    used 4562K, capacity 4655K, committed 4736K, reserved 1048576K
Event: 19360.028 GC heap after
Heap after GC invocations=1917 (full 4):
 PSYoungGen      total 1349632K, used 27341K [0x000000076ab00000, 0x00000007c0000000, 0x00000007c0000000)
  eden space 1301504K, 0% used [0x000000076ab00000,0x000000076ab00000,0x00000007ba200000)
  from space 48128K, 56% used [0x00000007ba200000,0x00000007bbcb3710,0x00000007bd100000)
  to   space 46592K, 0% used [0x00000007bd280000,0x00000007bd280000,0x00000007c0000000)
 ParOldGen       total 2796544K, used 2079311K [0x00000006c0000000, 0x000000076ab00000, 0x000000076ab00000)
  object space 2796544K, 74% used [0x00000006c0000000,0x000000073ee93f60,0x000000076ab00000)
 Metaspace       used 40320K, capacity 40693K, committed 40832K, reserved 1085440K
  class space    used 4562K, capacity 4655K, committed 4736K, reserved 1048576K
}
Event: 19372.611 GC heap before
{Heap before GC invocations=1918 (full 4):
 PSYoungGen      total 1349632K, used 1328845K [0x000000076ab00000, 0x00000007c0000000, 0x00000007c0000000)
  eden space 1301504K, 100% used [0x000000076ab00000,0x00000007ba200000,0x00000007ba200000)
  from space 48128K, 56% used [0x00000007ba200000,0x00000007bbcb3710,0x00000007bd100000)
  to   space 46592K, 0% used [0x00000007bd280000,0x00000007bd280000,0x00000007c0000000)
 ParOldGen       total 2796544K, used 2079311K [0x00000006c0000000, 0x000000076ab00000, 0x000000076ab00000)
  object space 2796544K, 74% used [0x00000006c0000000,0x000000073ee93f60,0x000000076ab00000)
 Metaspace       used 40320K, capacity 40693K, committed 40832K, reserved 1085440K
  class space    used 4562K, capacity 4655K, committed 4736K, reserved 1048576K
Event: 19372.632 GC heap after
Heap after GC invocations=1918 (full 4):
 PSYoungGen      total 1352192K, used 28173K [0x000000076ab00000, 0x00000007c0000000, 0x00000007c0000000)
  eden space 1305600K, 0% used [0x000000076ab00000,0x000000076ab00000,0x00000007ba600000)
  from space 46592K, 60% used [0x00000007bd280000,0x00000007bee03710,0x00000007c0000000)
  to   space 45568K, 0% used [0x00000007ba600000,0x00000007ba600000,0x00000007bd280000)
 ParOldGen       total 2796544K, used 2079327K [0x00000006c0000000, 0x000000076ab00000, 0x000000076ab00000)
  object space 2796544K, 74% used [0x00000006c0000000,0x000000073ee97f60,0x000000076ab00000)
 Metaspace       used 40320K, capacity 40693K, committed 40832K, reserved 1085440K
  class space    used 4562K, capacity 4655K, committed 4736K, reserved 1048576K
}

